<?xml version="1.0" encoding="UTF-8"?>
<!-- Generated by org.testng.reporters.JUnitXMLReporter -->
<testsuite hostname="DESKTOP-2BPO14Q" name="Default test" tests="2" failures="0" timestamp="24 Dec 2021 12:17:02 GMT" time="14.091" errors="0">
  <testcase name="TCID001_verifyLoginFunctionality" time="2.89" classname="com.scripts.loginLogoutTest"/>
  <testcase name="TCID002_verifyMyAccountPageFunctionality" time="0.332" classname="com.scripts.loginLogoutTest"/>
</testsuite> <!-- Default test -->
